<?xml version="1.0" encoding="UTF-8" ?>
<testsuite tests="24" failures="5" name="bl.romannumerals.RN.RomanNumeralTest" time="0.052" errors="0" skipped="0">
  <properties>
    <property name="java.runtime.name" value="OpenJDK Runtime Environment"/>
    <property name="java.vm.version" value="11.0.5+10"/>
    <property name="sun.boot.library.path" value="C:\Program Files\AdoptOpenJDK\jdk-11.0.5.10-hotspot\bin"/>
    <property name="maven.multiModuleProjectDirectory" value="C:\Repos\Direct-From-NetBeans\RomanNumerals"/>
    <property name="java.vm.vendor" value="AdoptOpenJDK"/>
    <property name="java.vendor.url" value="https://adoptopenjdk.net/"/>
    <property name="guice.disable.misplaced.annotation.check" value="true"/>
    <property name="path.separator" value=";"/>
    <property name="java.vm.name" value="OpenJDK 64-Bit Server VM"/>
    <property name="sun.os.patch.level" value=""/>
    <property name="user.script" value=""/>
    <property name="user.country" value="US"/>
    <property name="sun.java.launcher" value="SUN_STANDARD"/>
    <property name="test" value="bl.romannumerals.RN.RomanNumeralTest"/>
    <property name="java.vm.specification.name" value="Java Virtual Machine Specification"/>
    <property name="user.dir" value="C:\Repos\Direct-From-NetBeans\RomanNumerals"/>
    <property name="java.vm.compressedOopsMode" value="32-bit"/>
    <property name="java.runtime.version" value="11.0.5+10"/>
    <property name="java.awt.graphicsenv" value="sun.awt.Win32GraphicsEnvironment"/>
    <property name="os.arch" value="amd64"/>
    <property name="java.io.tmpdir" value="C:\Users\Boone\AppData\Local\Temp\"/>
    <property name="line.separator" value="
"/>
    <property name="java.vm.specification.vendor" value="Oracle Corporation"/>
    <property name="user.variant" value=""/>
    <property name="os.name" value="Windows 10"/>
    <property name="maven.ext.class.path" value="C:\Users\Boone\Documents\netbeans\java\maven-nblib\netbeans-eventspy.jar"/>
    <property name="classworlds.conf" value="C:\Users\Boone\Documents\netbeans\java\maven\bin\m2.conf"/>
    <property name="sun.jnu.encoding" value="Cp1252"/>
    <property name="java.library.path" value="C:\Program Files\AdoptOpenJDK\jdk-11.0.5.10-hotspot\bin;C:\WINDOWS\Sun\Java\bin;C:\WINDOWS\system32;C:\WINDOWS;C:\Program Files (x86)\Common Files\Oracle\Java\javapath;C:\Program Files\AdoptOpenJDK\jdk-11.0.5.10-hotspot\bin;C:\Program Files\Python37\Scripts\;C:\Program Files\Python37\;C:\WINDOWS\system32;C:\WINDOWS;C:\WINDOWS\System32\Wbem;C:\WINDOWS\System32\WindowsPowerShell\v1.0\;C:\WINDOWS\System32\OpenSSH\;C:\Program Files\Git\cmd;C:\Program Files\Git LFS;C:\Program Files\MySQL\MySQL Shell 8.0\bin\;C:\Users\Boone\AppData\Local\Microsoft\WindowsApps;;C:\Users\Boone\AppData\Local\Programs\Microsoft VS Code\bin;."/>
    <property name="jdk.debug" value="release"/>
    <property name="java.class.version" value="55.0"/>
    <property name="java.specification.name" value="Java Platform API Specification"/>
    <property name="sun.management.compiler" value="HotSpot 64-Bit Tiered Compilers"/>
    <property name="os.version" value="10.0"/>
    <property name="user.home" value="C:\Users\Boone"/>
    <property name="user.timezone" value="America/New_York"/>
    <property name="java.awt.printerjob" value="sun.awt.windows.WPrinterJob"/>
    <property name="file.encoding" value="UTF-8"/>
    <property name="java.specification.version" value="11"/>
    <property name="user.name" value="Boone"/>
    <property name="java.class.path" value="C:\Users\Boone\Documents\netbeans\java\maven\boot\plexus-classworlds-2.5.2.jar"/>
    <property name="java.vm.specification.version" value="11"/>
    <property name="sun.arch.data.model" value="64"/>
    <property name="sun.java.command" value="org.codehaus.plexus.classworlds.launcher.Launcher -Dtest=bl.romannumerals.RN.RomanNumeralTest -Dmaven.ext.class.path=C:\Users\Boone\Documents\netbeans\java\maven-nblib\netbeans-eventspy.jar -Dfile.encoding=UTF-8 surefire:test"/>
    <property name="java.home" value="C:\Program Files\AdoptOpenJDK\jdk-11.0.5.10-hotspot"/>
    <property name="user.language" value="en"/>
    <property name="java.specification.vendor" value="Oracle Corporation"/>
    <property name="awt.toolkit" value="sun.awt.windows.WToolkit"/>
    <property name="java.vm.info" value="mixed mode"/>
    <property name="java.version" value="11.0.5"/>
    <property name="java.vendor" value="AdoptOpenJDK"/>
    <property name="maven.home" value="C:\Users\Boone\Documents\netbeans\java\maven"/>
    <property name="file.separator" value="\"/>
    <property name="java.version.date" value="2019-10-15"/>
    <property name="java.vendor.url.bug" value="https://github.com/AdoptOpenJDK/openjdk-build/issues"/>
    <property name="sun.io.unicode.encoding" value="UnicodeLittle"/>
    <property name="sun.cpu.endian" value="little"/>
    <property name="java.vendor.version" value="AdoptOpenJDK"/>
    <property name="sun.desktop" value="windows"/>
    <property name="sun.cpu.isalist" value="amd64"/>
  </properties>
  <testcase classname="bl.romannumerals.RN.RomanNumeralTest" name="bl.romannumerals.RN.RomanNumeralTest.testConvertArabicToRoman_3" time="0.036">
    <failure message="expected: &lt;cv&gt; but was: &lt;CV&gt;" type="org.opentest4j.AssertionFailedError">org.opentest4j.AssertionFailedError: expected: &lt;cv&gt; but was: &lt;CV&gt;
	at org.junit.jupiter.api.AssertionUtils.fail(AssertionUtils.java:54)
	at org.junit.jupiter.api.AssertEquals.failNotEqual(AssertEquals.java:195)
	at org.junit.jupiter.api.AssertEquals.assertEquals(AssertEquals.java:184)
	at org.junit.jupiter.api.AssertEquals.assertEquals(AssertEquals.java:179)
	at org.junit.jupiter.api.Assertions.assertEquals(Assertions.java:508)
	at bl.romannumerals.RN.RomanNumeralTest.testConvertArabicToRoman_3(RomanNumeralTest.java:161)
</failure>
  </testcase>
  <testcase classname="bl.romannumerals.RN.RomanNumeralTest" name="bl.romannumerals.RN.RomanNumeralTest.testValidateRomanNumeral_6" time="0.006"/>
  <testcase classname="bl.romannumerals.RN.RomanNumeralTest" name="bl.romannumerals.RN.RomanNumeralTest.testValidateRomanNumeral_2" time="0"/>
  <testcase classname="bl.romannumerals.RN.RomanNumeralTest" name="bl.romannumerals.RN.RomanNumeralTest.testConvertRomanToArabic_1" time="0"/>
  <testcase classname="bl.romannumerals.RN.RomanNumeralTest" name="bl.romannumerals.RN.RomanNumeralTest.testConvertArabicToRoman_4" time="0.004">
    <failure message="expected: &lt;m&gt; but was: &lt;M&gt;" type="org.opentest4j.AssertionFailedError">org.opentest4j.AssertionFailedError: expected: &lt;m&gt; but was: &lt;M&gt;
	at org.junit.jupiter.api.AssertionUtils.fail(AssertionUtils.java:54)
	at org.junit.jupiter.api.AssertEquals.failNotEqual(AssertEquals.java:195)
	at org.junit.jupiter.api.AssertEquals.assertEquals(AssertEquals.java:184)
	at org.junit.jupiter.api.AssertEquals.assertEquals(AssertEquals.java:179)
	at org.junit.jupiter.api.Assertions.assertEquals(Assertions.java:508)
	at bl.romannumerals.RN.RomanNumeralTest.testConvertArabicToRoman_4(RomanNumeralTest.java:167)
</failure>
  </testcase>
  <testcase classname="bl.romannumerals.RN.RomanNumeralTest" name="bl.romannumerals.RN.RomanNumeralTest.testValidateRomanNumeral_8" time="0"/>
  <testcase classname="bl.romannumerals.RN.RomanNumeralTest" name="bl.romannumerals.RN.RomanNumeralTest.testValidateRomanNumeral_9" time="0"/>
  <testcase classname="bl.romannumerals.RN.RomanNumeralTest" name="bl.romannumerals.RN.RomanNumeralTest.testValidateRomanNumeral_5" time="0"/>
  <testcase classname="bl.romannumerals.RN.RomanNumeralTest" name="bl.romannumerals.RN.RomanNumeralTest.testValidateRomanNumeral_10" time="0"/>
  <testcase classname="bl.romannumerals.RN.RomanNumeralTest" name="bl.romannumerals.RN.RomanNumeralTest.testValidateRomanNumeral_11" time="0"/>
  <testcase classname="bl.romannumerals.RN.RomanNumeralTest" name="bl.romannumerals.RN.RomanNumeralTest.testValidateRomanNumeral_1" time="0"/>
  <testcase classname="bl.romannumerals.RN.RomanNumeralTest" name="bl.romannumerals.RN.RomanNumeralTest.testValidateRomanNumeral_3" time="0"/>
  <testcase classname="bl.romannumerals.RN.RomanNumeralTest" name="bl.romannumerals.RN.RomanNumeralTest.testValidateRomanNumeral_4" time="0"/>
  <testcase classname="bl.romannumerals.RN.RomanNumeralTest" name="bl.romannumerals.RN.RomanNumeralTest.testConvertRomanToArabic_3" time="0"/>
  <testcase classname="bl.romannumerals.RN.RomanNumeralTest" name="bl.romannumerals.RN.RomanNumeralTest.testConvertRomanToArabic_7" time="0"/>
  <testcase classname="bl.romannumerals.RN.RomanNumeralTest" name="bl.romannumerals.RN.RomanNumeralTest.testConvertArabicToRoman_5" time="0.003">
    <failure message="expected: &lt;xxvii&gt; but was: &lt;XXVII&gt;" type="org.opentest4j.AssertionFailedError">org.opentest4j.AssertionFailedError: expected: &lt;xxvii&gt; but was: &lt;XXVII&gt;
	at org.junit.jupiter.api.AssertionUtils.fail(AssertionUtils.java:54)
	at org.junit.jupiter.api.AssertEquals.failNotEqual(AssertEquals.java:195)
	at org.junit.jupiter.api.AssertEquals.assertEquals(AssertEquals.java:184)
	at org.junit.jupiter.api.AssertEquals.assertEquals(AssertEquals.java:179)
	at org.junit.jupiter.api.Assertions.assertEquals(Assertions.java:508)
	at bl.romannumerals.RN.RomanNumeralTest.testConvertArabicToRoman_5(RomanNumeralTest.java:173)
</failure>
  </testcase>
  <testcase classname="bl.romannumerals.RN.RomanNumeralTest" name="bl.romannumerals.RN.RomanNumeralTest.testConvertArabicToRoman_2" time="0.001">
    <failure message="expected: &lt;xi&gt; but was: &lt;XI&gt;" type="org.opentest4j.AssertionFailedError">org.opentest4j.AssertionFailedError: expected: &lt;xi&gt; but was: &lt;XI&gt;
	at org.junit.jupiter.api.AssertionUtils.fail(AssertionUtils.java:54)
	at org.junit.jupiter.api.AssertEquals.failNotEqual(AssertEquals.java:195)
	at org.junit.jupiter.api.AssertEquals.assertEquals(AssertEquals.java:184)
	at org.junit.jupiter.api.AssertEquals.assertEquals(AssertEquals.java:179)
	at org.junit.jupiter.api.Assertions.assertEquals(Assertions.java:508)
	at bl.romannumerals.RN.RomanNumeralTest.testConvertArabicToRoman_2(RomanNumeralTest.java:155)
</failure>
  </testcase>
  <testcase classname="bl.romannumerals.RN.RomanNumeralTest" name="bl.romannumerals.RN.RomanNumeralTest.testValidateRomanNumeral_7" time="0"/>
  <testcase classname="bl.romannumerals.RN.RomanNumeralTest" name="bl.romannumerals.RN.RomanNumeralTest.testConvertRomanToArabic_4" time="0"/>
  <testcase classname="bl.romannumerals.RN.RomanNumeralTest" name="bl.romannumerals.RN.RomanNumeralTest.testConvertArabicToRoman_1" time="0.002">
    <failure message="expected: &lt;i&gt; but was: &lt;I&gt;" type="org.opentest4j.AssertionFailedError">org.opentest4j.AssertionFailedError: expected: &lt;i&gt; but was: &lt;I&gt;
	at org.junit.jupiter.api.AssertionUtils.fail(AssertionUtils.java:54)
	at org.junit.jupiter.api.AssertEquals.failNotEqual(AssertEquals.java:195)
	at org.junit.jupiter.api.AssertEquals.assertEquals(AssertEquals.java:184)
	at org.junit.jupiter.api.AssertEquals.assertEquals(AssertEquals.java:179)
	at org.junit.jupiter.api.Assertions.assertEquals(Assertions.java:508)
	at bl.romannumerals.RN.RomanNumeralTest.testConvertArabicToRoman_1(RomanNumeralTest.java:149)
</failure>
  </testcase>
  <testcase classname="bl.romannumerals.RN.RomanNumeralTest" name="bl.romannumerals.RN.RomanNumeralTest.testConvertRomanToArabic_6" time="0"/>
  <testcase classname="bl.romannumerals.RN.RomanNumeralTest" name="bl.romannumerals.RN.RomanNumeralTest.testConvertRomanToArabic_8" time="0"/>
  <testcase classname="bl.romannumerals.RN.RomanNumeralTest" name="bl.romannumerals.RN.RomanNumeralTest.testConvertRomanToArabic_2" time="0"/>
  <testcase classname="bl.romannumerals.RN.RomanNumeralTest" name="bl.romannumerals.RN.RomanNumeralTest.testConvertRomanToArabic_5" time="0"/>
</testsuite>