<?xml version="1.0" encoding="UTF-8" ?>
<testsuite tests="24" failures="5" name="bl.romannumerals.RN.RomanNumeralTest" time="0.052" errors="0" skipped="0">
  <properties>
[...]
</properties>
  <testcase classname="bl.romannumerals.RN.RomanNumeralTest" name="bl.romannumerals.RN.RomanNumeralTest.testConvertArabicToRoman_3" time="0.036">
    <failure message="expected: &lt;cv&gt; but was: &lt;CV&gt;" type="org.opentest4j.AssertionFailedError">org.opentest4j.AssertionFailedError: expected: &lt;cv&gt; but was: &lt;CV&gt;
	at org.junit.jupiter.api.AssertionUtils.fail(AssertionUtils.java:54)
	at org.junit.jupiter.api.AssertEquals.failNotEqual(AssertEquals.java:195)
	at org.junit.jupiter.api.AssertEquals.assertEquals(AssertEquals.java:184)
	at org.junit.jupiter.api.AssertEquals.assertEquals(AssertEquals.java:179)
	at org.junit.jupiter.api.Assertions.assertEquals(Assertions.java:508)
	at bl.romannumerals.RN.RomanNumeralTest.testConvertArabicToRoman_3(RomanNumeralTest.java:161)
</failure>
  </testcase>
  <testcase classname="bl.romannumerals.RN.RomanNumeralTest" name="bl.romannumerals.RN.RomanNumeralTest.testValidateRomanNumeral_6" time="0.006"/>
  <testcase classname="bl.romannumerals.RN.RomanNumeralTest" name="bl.romannumerals.RN.RomanNumeralTest.testValidateRomanNumeral_2" time="0"/>
  <testcase classname="bl.romannumerals.RN.RomanNumeralTest" name="bl.romannumerals.RN.RomanNumeralTest.testConvertRomanToArabic_1" time="0"/>
  <testcase classname="bl.romannumerals.RN.RomanNumeralTest" name="bl.romannumerals.RN.RomanNumeralTest.testConvertArabicToRoman_4" time="0.004">
    <failure message="expected: &lt;m&gt; but was: &lt;M&gt;" type="org.opentest4j.AssertionFailedError">org.opentest4j.AssertionFailedError: expected: &lt;m&gt; but was: &lt;M&gt;
	at org.junit.jupiter.api.AssertionUtils.fail(AssertionUtils.java:54)
	at org.junit.jupiter.api.AssertEquals.failNotEqual(AssertEquals.java:195)
	at org.junit.jupiter.api.AssertEquals.assertEquals(AssertEquals.java:184)
	at org.junit.jupiter.api.AssertEquals.assertEquals(AssertEquals.java:179)
	at org.junit.jupiter.api.Assertions.assertEquals(Assertions.java:508)
	at bl.romannumerals.RN.RomanNumeralTest.testConvertArabicToRoman_4(RomanNumeralTest.java:167)
</failure>
  </testcase>
  <testcase classname="bl.romannumerals.RN.RomanNumeralTest" name="bl.romannumerals.RN.RomanNumeralTest.testValidateRomanNumeral_8" time="0"/>
  <testcase classname="bl.romannumerals.RN.RomanNumeralTest" name="bl.romannumerals.RN.RomanNumeralTest.testValidateRomanNumeral_9" time="0"/>
  <testcase classname="bl.romannumerals.RN.RomanNumeralTest" name="bl.romannumerals.RN.RomanNumeralTest.testValidateRomanNumeral_5" time="0"/>
  <testcase classname="bl.romannumerals.RN.RomanNumeralTest" name="bl.romannumerals.RN.RomanNumeralTest.testValidateRomanNumeral_10" time="0"/>
  <testcase classname="bl.romannumerals.RN.RomanNumeralTest" name="bl.romannumerals.RN.RomanNumeralTest.testValidateRomanNumeral_11" time="0"/>
  <testcase classname="bl.romannumerals.RN.RomanNumeralTest" name="bl.romannumerals.RN.RomanNumeralTest.testValidateRomanNumeral_1" time="0"/>
  <testcase classname="bl.romannumerals.RN.RomanNumeralTest" name="bl.romannumerals.RN.RomanNumeralTest.testValidateRomanNumeral_3" time="0"/>
  <testcase classname="bl.romannumerals.RN.RomanNumeralTest" name="bl.romannumerals.RN.RomanNumeralTest.testValidateRomanNumeral_4" time="0"/>
  <testcase classname="bl.romannumerals.RN.RomanNumeralTest" name="bl.romannumerals.RN.RomanNumeralTest.testConvertRomanToArabic_3" time="0"/>
  <testcase classname="bl.romannumerals.RN.RomanNumeralTest" name="bl.romannumerals.RN.RomanNumeralTest.testConvertRomanToArabic_7" time="0"/>
  <testcase classname="bl.romannumerals.RN.RomanNumeralTest" name="bl.romannumerals.RN.RomanNumeralTest.testConvertArabicToRoman_5" time="0.003">
    <failure message="expected: &lt;xxvii&gt; but was: &lt;XXVII&gt;" type="org.opentest4j.AssertionFailedError">org.opentest4j.AssertionFailedError: expected: &lt;xxvii&gt; but was: &lt;XXVII&gt;
	at org.junit.jupiter.api.AssertionUtils.fail(AssertionUtils.java:54)
	at org.junit.jupiter.api.AssertEquals.failNotEqual(AssertEquals.java:195)
	at org.junit.jupiter.api.AssertEquals.assertEquals(AssertEquals.java:184)
	at org.junit.jupiter.api.AssertEquals.assertEquals(AssertEquals.java:179)
	at org.junit.jupiter.api.Assertions.assertEquals(Assertions.java:508)
	at bl.romannumerals.RN.RomanNumeralTest.testConvertArabicToRoman_5(RomanNumeralTest.java:173)
</failure>
  </testcase>
  <testcase classname="bl.romannumerals.RN.RomanNumeralTest" name="bl.romannumerals.RN.RomanNumeralTest.testConvertArabicToRoman_2" time="0.001">
    <failure message="expected: &lt;xi&gt; but was: &lt;XI&gt;" type="org.opentest4j.AssertionFailedError">org.opentest4j.AssertionFailedError: expected: &lt;xi&gt; but was: &lt;XI&gt;
	at org.junit.jupiter.api.AssertionUtils.fail(AssertionUtils.java:54)
	at org.junit.jupiter.api.AssertEquals.failNotEqual(AssertEquals.java:195)
	at org.junit.jupiter.api.AssertEquals.assertEquals(AssertEquals.java:184)
	at org.junit.jupiter.api.AssertEquals.assertEquals(AssertEquals.java:179)
	at org.junit.jupiter.api.Assertions.assertEquals(Assertions.java:508)
	at bl.romannumerals.RN.RomanNumeralTest.testConvertArabicToRoman_2(RomanNumeralTest.java:155)
</failure>
  </testcase>
  <testcase classname="bl.romannumerals.RN.RomanNumeralTest" name="bl.romannumerals.RN.RomanNumeralTest.testValidateRomanNumeral_7" time="0"/>
  <testcase classname="bl.romannumerals.RN.RomanNumeralTest" name="bl.romannumerals.RN.RomanNumeralTest.testConvertRomanToArabic_4" time="0"/>
  <testcase classname="bl.romannumerals.RN.RomanNumeralTest" name="bl.romannumerals.RN.RomanNumeralTest.testConvertArabicToRoman_1" time="0.002">
    <failure message="expected: &lt;i&gt; but was: &lt;I&gt;" type="org.opentest4j.AssertionFailedError">org.opentest4j.AssertionFailedError: expected: &lt;i&gt; but was: &lt;I&gt;
	at org.junit.jupiter.api.AssertionUtils.fail(AssertionUtils.java:54)
	at org.junit.jupiter.api.AssertEquals.failNotEqual(AssertEquals.java:195)
	at org.junit.jupiter.api.AssertEquals.assertEquals(AssertEquals.java:184)
	at org.junit.jupiter.api.AssertEquals.assertEquals(AssertEquals.java:179)
	at org.junit.jupiter.api.Assertions.assertEquals(Assertions.java:508)
	at bl.romannumerals.RN.RomanNumeralTest.testConvertArabicToRoman_1(RomanNumeralTest.java:149)
</failure>
  </testcase>
  <testcase classname="bl.romannumerals.RN.RomanNumeralTest" name="bl.romannumerals.RN.RomanNumeralTest.testConvertRomanToArabic_6" time="0"/>
  <testcase classname="bl.romannumerals.RN.RomanNumeralTest" name="bl.romannumerals.RN.RomanNumeralTest.testConvertRomanToArabic_8" time="0"/>
  <testcase classname="bl.romannumerals.RN.RomanNumeralTest" name="bl.romannumerals.RN.RomanNumeralTest.testConvertRomanToArabic_2" time="0"/>
  <testcase classname="bl.romannumerals.RN.RomanNumeralTest" name="bl.romannumerals.RN.RomanNumeralTest.testConvertRomanToArabic_5" time="0"/>
</testsuite>